# JRE version: OpenJDK Runtime Environment JBR-17.0.9+8-1166.2-nomod (17.0.9+8) (build 17.0.9+8-b1166.2)
# Java VM: OpenJDK 64-Bit Server VM JBR-17.0.9+8-1166.2-nomod (17.0.9+8-b1166.2, mixed mode, tiered, compressed oops, compressed class ptrs, g1 gc, windows-amd64)
GC Precious Log:
 CPUs: 12 total, 12 available
 Memory: 15614M
 Large Page Support: Disabled
 NUMA Support: Disabled
 Compressed Oops: Enabled (Zero based)
 Heap Region Size: 2M
 Heap Min Capacity: 8M
 Heap Initial Capacity: 244M
 Heap Max Capacity: 3904M
 Pre-touch: Disabled
 Parallel Workers: 10
 Concurrent Workers: 3
 Concurrent Refinement Workers: 10
 Periodic GC: Disabled
Heap:
 garbage-first heap   total 600064K, used 386779K [0x000000070c000000, 0x0000000800000000)
  region size 2048K, 86 young (176128K), 3 survivors (6144K)
 Metaspace       used 22426K, committed 22784K, reserved 1114112K
  class space    used 2242K, committed 2432K, reserved 1048576K
GC Heap History (20 events):
Event: 6.484 GC heap before
{Heap before GC invocations=12 (full 0):
 garbage-first heap   total 290816K, used 161516K [0x000000070c000000, 0x0000000800000000)
  region size 2048K, 3 young (6144K), 1 survivors (2048K)
 Metaspace       used 21854K, committed 22208K, reserved 1114112K
  class space    used 2209K, committed 2368K, reserved 1048576K
}
Event: 6.485 GC heap after
{Heap after GC invocations=13 (full 0):
 garbage-first heap   total 376832K, used 159493K [0x000000070c000000, 0x0000000800000000)
  region size 2048K, 1 young (2048K), 1 survivors (2048K)
 Metaspace       used 21854K, committed 22208K, reserved 1114112K
  class space    used 2209K, committed 2368K, reserved 1048576K
}
Event: 6.733 GC heap before
{Heap before GC invocations=13 (full 0):
 garbage-first heap   total 376832K, used 186117K [0x000000070c000000, 0x0000000800000000)
  region size 2048K, 6 young (12288K), 1 survivors (2048K)
 Metaspace       used 21955K, committed 22272K, reserved 1114112K
  class space    used 2220K, committed 2368K, reserved 1048576K
}
Event: 6.736 GC heap after
{Heap after GC invocations=14 (full 0):
 garbage-first heap   total 376832K, used 180880K [0x000000070c000000, 0x0000000800000000)
  region size 2048K, 2 young (4096K), 2 survivors (4096K)
 Metaspace       used 21955K, committed 22272K, reserved 1114112K
  class space    used 2220K, committed 2368K, reserved 1048576K
}
Event: 6.800 GC heap before
{Heap before GC invocations=15 (full 0):
 garbage-first heap   total 376832K, used 191120K [0x000000070c000000, 0x0000000800000000)
  region size 2048K, 5 young (10240K), 2 survivors (4096K)
 Metaspace       used 21973K, committed 22336K, reserved 1114112K
  class space    used 2222K, committed 2368K, reserved 1048576K
}
Event: 6.801 GC heap after
{Heap after GC invocations=16 (full 0):
 garbage-first heap   total 376832K, used 185630K [0x000000070c000000, 0x0000000800000000)
  region size 2048K, 1 young (2048K), 1 survivors (2048K)
 Metaspace       used 21973K, committed 22336K, reserved 1114112K
  class space    used 2222K, committed 2368K, reserved 1048576K
}
Event: 6.880 GC heap before
{Heap before GC invocations=17 (full 0):
 garbage-first heap   total 376832K, used 197918K [0x000000070c000000, 0x0000000800000000)
  region size 2048K, 5 young (10240K), 1 survivors (2048K)
 Metaspace       used 21975K, committed 22336K, reserved 1114112K
  class space    used 2222K, committed 2368K, reserved 1048576K
}
Event: 6.882 GC heap after
{Heap after GC invocations=18 (full 0):
 garbage-first heap   total 376832K, used 193563K [0x000000070c000000, 0x0000000800000000)
  region size 2048K, 2 young (4096K), 2 survivors (4096K)
 Metaspace       used 21975K, committed 22336K, reserved 1114112K
  class space    used 2222K, committed 2368K, reserved 1048576K
}
Event: 6.928 GC heap before
{Heap before GC invocations=19 (full 0):
 garbage-first heap   total 376832K, used 203803K [0x000000070c000000, 0x0000000800000000)
  region size 2048K, 5 young (10240K), 2 survivors (4096K)
 Metaspace       used 21975K, committed 22336K, reserved 1114112K
  class space    used 2222K, committed 2368K, reserved 1048576K
}
Event: 7.289 GC heap after
{Heap after GC invocations=20 (full 0):
 garbage-first heap   total 600064K, used 199500K [0x000000070c000000, 0x0000000800000000)
  region size 2048K, 2 young (4096K), 2 survivors (4096K)
 Metaspace       used 21975K, committed 22336K, reserved 1114112K
  class space    used 2222K, committed 2368K, reserved 1048576K
}
Event: 7.971 GC heap before
{Heap before GC invocations=20 (full 0):
 garbage-first heap   total 600064K, used 269132K [0x000000070c000000, 0x0000000800000000)
  region size 2048K, 22 young (45056K), 2 survivors (4096K)
 Metaspace       used 22148K, committed 22528K, reserved 1114112K
  class space    used 2240K, committed 2432K, reserved 1048576K
}
Event: 7.974 GC heap after
{Heap after GC invocations=21 (full 0):
 garbage-first heap   total 600064K, used 230607K [0x000000070c000000, 0x0000000800000000)
  region size 2048K, 2 young (4096K), 2 survivors (4096K)
 Metaspace       used 22148K, committed 22528K, reserved 1114112K
  class space    used 2240K, committed 2432K, reserved 1048576K
}
Event: 10.289 GC heap before
{Heap before GC invocations=21 (full 0):
 garbage-first heap   total 600064K, used 482511K [0x000000070c000000, 0x0000000800000000)
  region size 2048K, 120 young (245760K), 2 survivors (4096K)
 Metaspace       used 22377K, committed 22784K, reserved 1114112K
  class space    used 2240K, committed 2432K, reserved 1048576K
}
Event: 10.292 GC heap after
{Heap after GC invocations=22 (full 0):
 garbage-first heap   total 600064K, used 231594K [0x000000070c000000, 0x0000000800000000)
  region size 2048K, 3 young (6144K), 3 survivors (6144K)
 Metaspace       used 22377K, committed 22784K, reserved 1114112K
  class space    used 2240K, committed 2432K, reserved 1048576K
}
Event: 11.734 GC heap before
{Heap before GC invocations=22 (full 0):
 garbage-first heap   total 600064K, used 514218K [0x000000070c000000, 0x0000000800000000)
  region size 2048K, 141 young (288768K), 3 survivors (6144K)
 Metaspace       used 22422K, committed 22784K, reserved 1114112K
  class space    used 2242K, committed 2432K, reserved 1048576K
}
Event: 11.736 GC heap after
{Heap after GC invocations=23 (full 0):
 garbage-first heap   total 600064K, used 218755K [0x000000070c000000, 0x0000000800000000)
  region size 2048K, 3 young (6144K), 3 survivors (6144K)
 Metaspace       used 22422K, committed 22784K, reserved 1114112K
  class space    used 2242K, committed 2432K, reserved 1048576K
}
Event: 13.056 GC heap before
{Heap before GC invocations=23 (full 0):
 garbage-first heap   total 600064K, used 517763K [0x000000070c000000, 0x0000000800000000)
  region size 2048K, 149 young (305152K), 3 survivors (6144K)
 Metaspace       used 22424K, committed 22784K, reserved 1114112K
  class space    used 2242K, committed 2432K, reserved 1048576K
}
Event: 13.059 GC heap after
{Heap after GC invocations=24 (full 0):
 garbage-first heap   total 600064K, used 218788K [0x000000070c000000, 0x0000000800000000)
  region size 2048K, 3 young (6144K), 3 survivors (6144K)
 Metaspace       used 22424K, committed 22784K, reserved 1114112K
  class space    used 2242K, committed 2432K, reserved 1048576K
}
Event: 14.218 GC heap before
{Heap before GC invocations=24 (full 0):
 garbage-first heap   total 600064K, used 521892K [0x000000070c000000, 0x0000000800000000)
  region size 2048K, 151 young (309248K), 3 survivors (6144K)
 Metaspace       used 22424K, committed 22784K, reserved 1114112K
  class space    used 2242K, committed 2432K, reserved 1048576K
}
Event: 14.220 GC heap after
{Heap after GC invocations=25 (full 0):
 garbage-first heap   total 600064K, used 218843K [0x000000070c000000, 0x0000000800000000)
  region size 2048K, 3 young (6144K), 3 survivors (6144K)
 Metaspace       used 22424K, committed 22784K, reserved 1114112K
  class space    used 2242K, committed 2432K, reserved 1048576K
}

