# JRE version: Java(TM) SE Runtime Environment (21.0.2+13) (build 21.0.2+13-LTS-58)
# Java VM: Java HotSpot(TM) 64-Bit Server VM (21.0.2+13-LTS-58, mixed mode, sharing, tiered, compressed oops, compressed class ptrs, g1 gc, windows-amd64)
GC Precious Log:
 CardTable entry size: 512
 Card Set container configuration: InlinePtr #cards 4 size 8 Array Of Cards #cards 16 size 48 Howl #buckets 8 coarsen threshold 3686 Howl Bitmap #cards 512 size 80 coarsen threshold 460 Card regions per heap region 1 cards per card region 4096
 CPUs: 12 total, 12 available
 Memory: 15614M
 Large Page Support: Disabled
 NUMA Support: Disabled
 Compressed Oops: Enabled (Zero based)
 Heap Region Size: 2M
 Heap Min Capacity: 8M
 Heap Initial Capacity: 244M
 Heap Max Capacity: 3904M
 Pre-touch: Disabled
 Parallel Workers: 10
 Concurrent Workers: 3
 Concurrent Refinement Workers: 10
 Periodic GC: Disabled
Heap:
 garbage-first heap   total 249856K, used 132538K [0x000000070c000000, 0x0000000800000000)
  region size 2048K, 28 young (57344K), 5 survivors (10240K)
 Metaspace       used 14330K, committed 14656K, reserved 1114112K
  class space    used 1527K, committed 1728K, reserved 1048576K
GC Heap History (12 events):
Event: 0.687 GC heap before
{Heap before GC invocations=0 (full 0):
 garbage-first heap   total 249856K, used 30720K [0x000000070c000000, 0x0000000800000000)
  region size 2048K, 11 young (22528K), 0 survivors (0K)
 Metaspace       used 9605K, committed 9792K, reserved 1114112K
  class space    used 1042K, committed 1152K, reserved 1048576K
}
Event: 0.690 GC heap after
{Heap after GC invocations=1 (full 0):
 garbage-first heap   total 249856K, used 14673K [0x000000070c000000, 0x0000000800000000)
  region size 2048K, 2 young (4096K), 2 survivors (4096K)
 Metaspace       used 9605K, committed 9792K, reserved 1114112K
  class space    used 1042K, committed 1152K, reserved 1048576K
}
Event: 0.821 GC heap before
{Heap before GC invocations=1 (full 0):
 garbage-first heap   total 249856K, used 47441K [0x000000070c000000, 0x0000000800000000)
  region size 2048K, 15 young (30720K), 2 survivors (4096K)
 Metaspace       used 9751K, committed 9984K, reserved 1114112K
  class space    used 1064K, committed 1152K, reserved 1048576K
}
Event: 0.824 GC heap after
{Heap after GC invocations=2 (full 0):
 garbage-first heap   total 249856K, used 28418K [0x000000070c000000, 0x0000000800000000)
  region size 2048K, 2 young (4096K), 2 survivors (4096K)
 Metaspace       used 9751K, committed 9984K, reserved 1114112K
  class space    used 1064K, committed 1152K, reserved 1048576K
}
Event: 11.749 GC heap before
{Heap before GC invocations=2 (full 0):
 garbage-first heap   total 249856K, used 218882K [0x000000070c000000, 0x0000000800000000)
  region size 2048K, 73 young (149504K), 2 survivors (4096K)
 Metaspace       used 14327K, committed 14656K, reserved 1114112K
  class space    used 1527K, committed 1728K, reserved 1048576K
}
Event: 11.753 GC heap after
{Heap after GC invocations=3 (full 0):
 garbage-first heap   total 249856K, used 90890K [0x000000070c000000, 0x0000000800000000)
  region size 2048K, 10 young (20480K), 10 survivors (20480K)
 Metaspace       used 14327K, committed 14656K, reserved 1114112K
  class space    used 1527K, committed 1728K, reserved 1048576K
}
Event: 14.422 GC heap before
{Heap before GC invocations=3 (full 0):
 garbage-first heap   total 249856K, used 213770K [0x000000070c000000, 0x0000000800000000)
  region size 2048K, 70 young (143360K), 10 survivors (20480K)
 Metaspace       used 14329K, committed 14656K, reserved 1114112K
  class space    used 1527K, committed 1728K, reserved 1048576K
}
Event: 14.426 GC heap after
{Heap after GC invocations=4 (full 0):
 garbage-first heap   total 249856K, used 91962K [0x000000070c000000, 0x0000000800000000)
  region size 2048K, 7 young (14336K), 7 survivors (14336K)
 Metaspace       used 14329K, committed 14656K, reserved 1114112K
  class space    used 1527K, committed 1728K, reserved 1048576K
}
Event: 17.299 GC heap before
{Heap before GC invocations=4 (full 0):
 garbage-first heap   total 249856K, used 220986K [0x000000070c000000, 0x0000000800000000)
  region size 2048K, 70 young (143360K), 7 survivors (14336K)
 Metaspace       used 14330K, committed 14656K, reserved 1114112K
  class space    used 1527K, committed 1728K, reserved 1048576K
}
Event: 17.302 GC heap after
{Heap after GC invocations=5 (full 0):
 garbage-first heap   total 249856K, used 93035K [0x000000070c000000, 0x0000000800000000)
  region size 2048K, 8 young (16384K), 8 survivors (16384K)
 Metaspace       used 14330K, committed 14656K, reserved 1114112K
  class space    used 1527K, committed 1728K, reserved 1048576K
}
Event: 20.123 GC heap before
{Heap before GC invocations=5 (full 0):
 garbage-first heap   total 249856K, used 217963K [0x000000070c000000, 0x0000000800000000)
  region size 2048K, 69 young (141312K), 8 survivors (16384K)
 Metaspace       used 14330K, committed 14656K, reserved 1114112K
  class space    used 1527K, committed 1728K, reserved 1048576K
}
Event: 20.127 GC heap after
{Heap after GC invocations=6 (full 0):
 garbage-first heap   total 249856K, used 87482K [0x000000070c000000, 0x0000000800000000)
  region size 2048K, 5 young (10240K), 5 survivors (10240K)
 Metaspace       used 14330K, committed 14656K, reserved 1114112K
  class space    used 1527K, committed 1728K, reserved 1048576K
}

